2025-07-06 11:56:55,492 - CryptoUNS - INFO - Sistema de logging inicializado
2025-07-06 11:57:50,045 - CryptoUNS - INFO - Sistema de logging inicializado
2025-07-06 11:57:50,057 - CryptoUNS - INFO - Inicializando CryptoUNS...
2025-07-06 11:57:50,058 - CryptoUNS - INFO - Versión: 1.0.0
2025-07-06 11:57:50,058 - CryptoUNS - INFO - Autor: CryptoUNS Team
2025-07-06 11:57:50,530 - CryptoUNS - INFO - Ventana principal creada exitosamente
2025-07-06 11:57:51,125 - CryptoUNS - INFO - Interfaz temporal creada exitosamente
2025-07-06 11:57:51,126 - CryptoUNS - INFO - Iniciando bucle principal de la aplicación
2025-07-06 11:58:17,005 - CryptoUNS - INFO - Cerrando aplicación
2025-07-06 11:58:17,006 - CryptoUNS - INFO - Aplicación terminada
2025-07-06 12:03:41,032 - CryptoUNS - INFO - Sistema de logging inicializado
2025-07-06 12:03:41,044 - CryptoUNS - INFO - Inicializando CryptoUNS...
2025-07-06 12:03:41,044 - CryptoUNS - INFO - Versión: 1.0.0
2025-07-06 12:03:41,044 - CryptoUNS - INFO - Autor: CryptoUNS Team
2025-07-06 12:03:41,140 - CryptoUNS - INFO - Ventana principal creada exitosamente
2025-07-06 12:03:41,668 - CryptoUNS - INFO - Interfaz temporal creada exitosamente
2025-07-06 12:03:41,669 - CryptoUNS - INFO - Iniciando bucle principal de la aplicación
2025-07-06 12:03:50,502 - CryptoUNS - INFO - Cerrando aplicación
2025-07-06 12:03:50,502 - CryptoUNS - INFO - Aplicación terminada
2025-07-06 12:17:32,616 - CryptoUNS - INFO - Sistema de logging inicializado
2025-07-06 12:17:32,630 - CryptoUNS - INFO - Inicializando CryptoUNS...
2025-07-06 12:17:32,630 - CryptoUNS - INFO - Versión: 1.0.0
2025-07-06 12:17:32,630 - CryptoUNS - INFO - Autor: CryptoUNS Team
2025-07-06 12:17:32,730 - CryptoUNS - INFO - Ventana principal creada exitosamente
2025-07-06 12:17:33,264 - CryptoUNS - INFO - Interfaz temporal creada exitosamente
2025-07-06 12:17:33,266 - CryptoUNS - INFO - Iniciando bucle principal de la aplicación
2025-07-06 12:17:45,813 - CryptoUNS - INFO - Cerrando aplicación
2025-07-06 12:17:45,814 - CryptoUNS - INFO - Aplicación terminada
2025-07-06 12:18:44,901 - CryptoUNS - INFO - Sistema de logging inicializado
2025-07-06 12:18:44,912 - CryptoUNS - INFO - Inicializando CryptoUNS...
2025-07-06 12:18:44,912 - CryptoUNS - INFO - Versión: 1.0.0
2025-07-06 12:18:44,912 - CryptoUNS - INFO - Autor: CryptoUNS Team
2025-07-06 12:18:45,008 - CryptoUNS - INFO - Ventana principal creada exitosamente
2025-07-06 12:18:45,544 - CryptoUNS - INFO - Interfaz temporal creada exitosamente
2025-07-06 12:18:45,545 - CryptoUNS - INFO - Iniciando bucle principal de la aplicación
2025-07-06 12:19:00,239 - CryptoUNS - INFO - Cerrando aplicación
2025-07-06 12:19:00,240 - CryptoUNS - INFO - Aplicación terminada
2025-07-06 12:35:41,291 - CryptoUNS - INFO - Sistema de logging inicializado
2025-07-06 12:35:41,291 - CryptoUNS - INFO - Iniciando CryptoUNS...
2025-07-06 12:35:41,292 - CryptoUNS - ERROR - Error al importar módulos: cannot import name 'CryptoError' from 'src.utils.exceptions' (C:\VSCode\Python\crypto-uns\src\utils\exceptions.py)
2025-07-06 12:35:41,292 - CryptoUNS - INFO - Aplicación terminada
2025-07-06 12:36:08,484 - CryptoUNS - INFO - Sistema de logging inicializado
2025-07-06 12:36:08,484 - CryptoUNS - INFO - Iniciando CryptoUNS...
2025-07-06 12:36:08,485 - CryptoUNS - ERROR - Error al importar módulos: cannot import name 'Config' from 'src.data.config' (C:\VSCode\Python\crypto-uns\src\data\config.py)
2025-07-06 12:36:08,485 - CryptoUNS - INFO - Aplicación terminada
2025-07-06 12:36:35,894 - CryptoUNS - INFO - Sistema de logging inicializado
2025-07-06 12:36:35,894 - CryptoUNS - INFO - Iniciando CryptoUNS...
2025-07-06 12:36:35,895 - CryptoUNS - ERROR - Error al importar módulos: cannot import name 'THEMES' from 'src.data.themes' (C:\VSCode\Python\crypto-uns\src\data\themes.py)
2025-07-06 12:36:35,895 - CryptoUNS - INFO - Aplicación terminada
2025-07-06 12:36:56,793 - CryptoUNS - INFO - Sistema de logging inicializado
2025-07-06 12:36:56,794 - CryptoUNS - INFO - Iniciando CryptoUNS...
2025-07-06 12:36:56,794 - CryptoUNS - ERROR - Error al importar módulos: cannot import name 'BlockchainSimulator' from 'src.crypto.tools' (C:\VSCode\Python\crypto-uns\src\crypto\tools.py)
2025-07-06 12:36:56,795 - CryptoUNS - INFO - Aplicación terminada
2025-07-06 12:37:22,810 - CryptoUNS - INFO - Sistema de logging inicializado
2025-07-06 12:37:22,810 - CryptoUNS - INFO - Iniciando CryptoUNS...
2025-07-06 12:37:22,810 - CryptoUNS - INFO - Iniciando interfaz gráfica principal...
2025-07-06 12:37:52,960 - CryptoUNS - INFO - Aplicación terminada
2025-07-06 12:44:23,234 - CryptoUNS - INFO - Sistema de logging inicializado
2025-07-06 12:44:23,234 - CryptoUNS - INFO - Iniciando CryptoUNS...
2025-07-06 12:44:23,235 - CryptoUNS - INFO - Iniciando interfaz gráfica principal...
2025-07-06 12:44:52,975 - CryptoUNS - INFO - Aplicación terminada
2025-07-06 12:46:56,775 - CryptoUNS - INFO - Sistema de logging inicializado
2025-07-06 12:46:56,775 - CryptoUNS - INFO - Iniciando CryptoUNS...
2025-07-06 12:46:56,777 - CryptoUNS - INFO - Iniciando interfaz gráfica principal...
2025-07-06 12:47:12,390 - CryptoUNS - INFO - Aplicación terminada
2025-07-06 13:03:11,169 - CryptoUNS - INFO - Sistema de logging inicializado
2025-07-06 13:03:11,169 - CryptoUNS - INFO - Iniciando CryptoUNS...
2025-07-06 13:03:11,170 - CryptoUNS - INFO - Iniciando interfaz gráfica principal...
2025-07-06 13:03:34,288 - CryptoUNS - INFO - Aplicación terminada
2025-07-06 13:13:36,843 - CryptoUNS - INFO - Sistema de logging inicializado
2025-07-06 13:13:36,852 - CryptoUNS - INFO - Iniciando CryptoUNS...
2025-07-06 13:13:36,853 - CryptoUNS - INFO - Iniciando interfaz gráfica principal...
2025-07-06 13:13:37,090 - CryptoUNS - ERROR - Error en la aplicación: 'CryptoUNSApp' object has no attribute 'on_closing'
2025-07-06 13:13:37,091 - CryptoUNS - INFO - Aplicación terminada
2025-07-06 13:13:37,092 - CryptoUNS - ERROR - Excepción no capturada
Traceback (most recent call last):
  File "C:\VSCode\Python\crypto-uns\main.py", line 344, in <module>
    main()
  File "C:\VSCode\Python\crypto-uns\main.py", line 310, in main
    app = CryptoUNSApp()
          ^^^^^^^^^^^^^^
  File "C:\VSCode\Python\crypto-uns\src\gui\main_window.py", line 33, in __init__
    self.setup_main_window()
  File "C:\VSCode\Python\crypto-uns\src\gui\main_window.py", line 64, in setup_main_window
    self.root.protocol("WM_DELETE_WINDOW", self.on_closing)
                                           ^^^^^^^^^^^^^^^
AttributeError: 'CryptoUNSApp' object has no attribute 'on_closing'
2025-07-06 13:16:19,208 - CryptoUNS - INFO - Sistema de logging inicializado
2025-07-06 13:16:19,208 - CryptoUNS - INFO - Iniciando CryptoUNS...
2025-07-06 13:16:19,209 - CryptoUNS - INFO - Iniciando interfaz gráfica principal...
2025-07-06 13:16:19,363 - CryptoUNS - ERROR - Error en la aplicación: 'CryptoUNSApp' object has no attribute 'on_closing'
2025-07-06 13:16:19,363 - CryptoUNS - INFO - Aplicación terminada
2025-07-06 13:16:19,364 - CryptoUNS - ERROR - Excepción no capturada
Traceback (most recent call last):
  File "C:\VSCode\Python\crypto-uns\main.py", line 344, in <module>
    main()
  File "C:\VSCode\Python\crypto-uns\main.py", line 310, in main
    app = CryptoUNSApp()
          ^^^^^^^^^^^^^^
  File "C:\VSCode\Python\crypto-uns\src\gui\main_window.py", line 33, in __init__
    self.setup_main_window()
  File "C:\VSCode\Python\crypto-uns\src\gui\main_window.py", line 64, in setup_main_window
    self.root.protocol("WM_DELETE_WINDOW", self.on_closing)
                                           ^^^^^^^^^^^^^^^
AttributeError: 'CryptoUNSApp' object has no attribute 'on_closing'
2025-07-06 13:21:26,343 - CryptoUNS - INFO - Sistema de logging inicializado
2025-07-06 13:21:26,343 - CryptoUNS - INFO - Iniciando CryptoUNS...
2025-07-06 13:21:26,344 - CryptoUNS - INFO - Iniciando interfaz gráfica principal...
2025-07-06 13:21:27,898 - CryptoUNS - ERROR - Error en la aplicación: 'CryptoUNSApp' object has no attribute 'show_error'
2025-07-06 13:21:27,898 - CryptoUNS - INFO - Aplicación terminada
2025-07-06 13:21:27,899 - CryptoUNS - ERROR - Excepción no capturada
Traceback (most recent call last):
  File "C:\VSCode\Python\crypto-uns\src\gui\main_window.py", line 188, in init_crypto_classes
    self.update_status("Algoritmos criptográficos inicializados correctamente")
    ^^^^^^^^^^^^^^^^^^
AttributeError: 'CryptoUNSApp' object has no attribute 'update_status'

During handling of the above exception, another exception occurred:

Traceback (most recent call last):
  File "C:\VSCode\Python\crypto-uns\main.py", line 344, in <module>
    main()
  File "C:\VSCode\Python\crypto-uns\main.py", line 310, in main
    app = CryptoUNSApp()
          ^^^^^^^^^^^^^^
  File "C:\VSCode\Python\crypto-uns\src\gui\main_window.py", line 39, in __init__
    self.init_crypto_classes()
  File "C:\VSCode\Python\crypto-uns\src\gui\main_window.py", line 190, in init_crypto_classes
    self.show_error(f"Error inicializando algoritmos: {str(e)}")
    ^^^^^^^^^^^^^^^
AttributeError: 'CryptoUNSApp' object has no attribute 'show_error'
2025-07-06 13:27:53,836 - CryptoUNS - INFO - Sistema de logging inicializado
2025-07-06 13:27:53,836 - CryptoUNS - INFO - Iniciando CryptoUNS...
2025-07-06 13:27:53,837 - CryptoUNS - INFO - Iniciando interfaz gráfica principal...
2025-07-06 13:27:54,014 - CryptoUNS - ERROR - Error en la aplicación: 'CryptoUNSApp' object has no attribute 'on_closing'
2025-07-06 13:27:54,015 - CryptoUNS - INFO - Aplicación terminada
2025-07-06 13:27:54,016 - CryptoUNS - ERROR - Excepción no capturada
Traceback (most recent call last):
  File "C:\VSCode\Python\crypto-uns\main.py", line 344, in <module>
    main()
  File "C:\VSCode\Python\crypto-uns\main.py", line 310, in main
    app = CryptoUNSApp()
          ^^^^^^^^^^^^^^
  File "C:\VSCode\Python\crypto-uns\src\gui\main_window.py", line 33, in __init__
    self.setup_main_window()
  File "C:\VSCode\Python\crypto-uns\src\gui\main_window.py", line 64, in setup_main_window
    self.root.protocol("WM_DELETE_WINDOW", self.on_closing)
                                           ^^^^^^^^^^^^^^^
AttributeError: 'CryptoUNSApp' object has no attribute 'on_closing'
2025-07-06 13:29:47,247 - CryptoUNS - INFO - Sistema de logging inicializado
2025-07-06 13:29:47,248 - CryptoUNS - INFO - Iniciando CryptoUNS...
2025-07-06 13:29:47,248 - CryptoUNS - INFO - Iniciando interfaz gráfica principal...
2025-07-06 13:29:48,608 - CryptoUNS - ERROR - Error en la aplicación: 'CryptoUNSApp' object has no attribute 'show_error'
2025-07-06 13:29:48,609 - CryptoUNS - INFO - Aplicación terminada
2025-07-06 13:29:48,609 - CryptoUNS - ERROR - Excepción no capturada
Traceback (most recent call last):
  File "C:\VSCode\Python\crypto-uns\src\gui\main_window.py", line 188, in init_crypto_classes
    self.update_status("Algoritmos criptográficos inicializados correctamente")
    ^^^^^^^^^^^^^^^^^^
AttributeError: 'CryptoUNSApp' object has no attribute 'update_status'

During handling of the above exception, another exception occurred:

Traceback (most recent call last):
  File "C:\VSCode\Python\crypto-uns\main.py", line 344, in <module>
    main()
  File "C:\VSCode\Python\crypto-uns\main.py", line 310, in main
    app = CryptoUNSApp()
          ^^^^^^^^^^^^^^
  File "C:\VSCode\Python\crypto-uns\src\gui\main_window.py", line 39, in __init__
    self.init_crypto_classes()
  File "C:\VSCode\Python\crypto-uns\src\gui\main_window.py", line 190, in init_crypto_classes
    self.show_error(f"Error inicializando algoritmos: {str(e)}")
    ^^^^^^^^^^^^^^^
AttributeError: 'CryptoUNSApp' object has no attribute 'show_error'
2025-07-06 13:43:32,986 - CryptoUNS - INFO - Sistema de logging inicializado
2025-07-06 13:43:32,986 - CryptoUNS - INFO - Iniciando CryptoUNS...
2025-07-06 13:43:32,986 - CryptoUNS - INFO - Iniciando interfaz gráfica principal...
2025-07-06 13:44:07,127 - CryptoUNS - INFO - Aplicación terminada
2025-07-06 13:53:46,971 - CryptoUNS - INFO - Sistema de logging inicializado
2025-07-06 13:53:46,971 - CryptoUNS - INFO - Iniciando CryptoUNS...
2025-07-06 13:53:46,971 - CryptoUNS - INFO - Iniciando interfaz gráfica principal...
2025-07-06 13:56:40,273 - CryptoUNS - INFO - Sistema de logging inicializado
2025-07-06 13:56:40,274 - CryptoUNS - INFO - Iniciando CryptoUNS...
2025-07-06 13:56:40,274 - CryptoUNS - INFO - Iniciando interfaz gráfica principal...
2025-07-06 13:56:52,539 - CryptoUNS - INFO - Aplicación terminada
2025-07-06 14:00:04,445 - CryptoUNS - INFO - Sistema de logging inicializado
2025-07-06 14:00:04,446 - CryptoUNS - INFO - Iniciando CryptoUNS...
2025-07-06 14:00:04,446 - CryptoUNS - INFO - Iniciando interfaz gráfica principal...
2025-07-06 14:00:47,653 - CryptoUNS - INFO - Aplicación terminada
2025-07-06 14:00:52,082 - CryptoUNS - INFO - Sistema de logging inicializado
2025-07-06 14:00:52,082 - CryptoUNS - INFO - Iniciando CryptoUNS...
2025-07-06 14:00:52,083 - CryptoUNS - INFO - Iniciando interfaz gráfica principal...
2025-07-06 14:01:12,456 - CryptoUNS - INFO - Aplicación terminada
2025-07-06 14:04:32,731 - CryptoUNS - INFO - Sistema de logging inicializado
2025-07-06 14:04:32,731 - CryptoUNS - INFO - Iniciando CryptoUNS...
2025-07-06 14:04:32,733 - CryptoUNS - INFO - Iniciando interfaz gráfica principal...
2025-07-06 14:04:59,347 - CryptoUNS - INFO - Aplicación terminada
2025-07-06 14:11:04,907 - CryptoUNS - INFO - Sistema de logging inicializado
2025-07-06 14:11:04,907 - CryptoUNS - INFO - Iniciando CryptoUNS...
2025-07-06 14:11:04,909 - CryptoUNS - INFO - Iniciando interfaz gráfica principal...
2025-07-06 14:11:14,267 - CryptoUNS - INFO - Aplicación terminada
2025-07-06 14:14:41,597 - CryptoUNS - INFO - Sistema de logging inicializado
2025-07-06 14:14:41,597 - CryptoUNS - INFO - Iniciando CryptoUNS...
2025-07-06 14:14:41,598 - CryptoUNS - INFO - Iniciando interfaz gráfica principal...
2025-07-06 14:15:18,515 - CryptoUNS - INFO - Aplicación terminada
2025-07-06 14:18:06,605 - CryptoUNS - INFO - Sistema de logging inicializado
2025-07-06 14:18:06,606 - CryptoUNS - INFO - Iniciando CryptoUNS...
2025-07-06 14:18:06,608 - CryptoUNS - INFO - Iniciando interfaz gráfica principal...
2025-07-06 14:21:01,374 - CryptoUNS - INFO - Aplicación terminada
2025-07-06 14:25:38,975 - CryptoUNS - INFO - Sistema de logging inicializado
2025-07-06 14:25:38,975 - CryptoUNS - INFO - Iniciando CryptoUNS...
2025-07-06 14:25:38,976 - CryptoUNS - INFO - Iniciando interfaz gráfica principal...
2025-07-06 14:25:54,687 - CryptoUNS - INFO - Aplicación terminada
2025-07-06 14:28:54,939 - CryptoUNS - INFO - Sistema de logging inicializado
2025-07-06 14:28:54,940 - CryptoUNS - INFO - Iniciando CryptoUNS...
2025-07-06 14:28:54,942 - CryptoUNS - INFO - Iniciando interfaz gráfica principal...
2025-07-06 14:32:25,688 - CryptoUNS - INFO - Aplicación terminada
2025-07-06 14:35:41,456 - CryptoUNS - INFO - Sistema de logging inicializado
2025-07-06 14:35:41,457 - CryptoUNS - INFO - Iniciando CryptoUNS...
2025-07-06 14:35:41,457 - CryptoUNS - INFO - Iniciando interfaz gráfica principal...
2025-07-06 14:36:08,792 - CryptoUNS - INFO - Aplicación terminada
2025-07-06 14:37:43,534 - CryptoUNS - INFO - Sistema de logging inicializado
2025-07-06 14:37:43,535 - CryptoUNS - INFO - Iniciando CryptoUNS...
2025-07-06 14:37:43,536 - CryptoUNS - INFO - Iniciando interfaz gráfica principal...
2025-07-06 14:38:51,190 - CryptoUNS - INFO - Aplicación terminada
2025-07-06 14:41:45,424 - CryptoUNS - INFO - Sistema de logging inicializado
2025-07-06 14:41:45,425 - CryptoUNS - INFO - Iniciando CryptoUNS...
2025-07-06 14:41:45,426 - CryptoUNS - INFO - Iniciando interfaz gráfica principal...
2025-07-06 14:42:13,142 - CryptoUNS - INFO - Aplicación terminada
2025-07-06 14:47:17,178 - CryptoUNS - INFO - Sistema de logging inicializado
2025-07-06 14:47:17,179 - CryptoUNS - INFO - Iniciando CryptoUNS...
2025-07-06 14:47:17,180 - CryptoUNS - INFO - Iniciando interfaz gráfica principal...
2025-07-06 15:04:49,066 - CryptoUNS - INFO - Aplicación terminada
2025-07-06 15:11:24,621 - CryptoUNS - INFO - Sistema de logging inicializado
2025-07-06 15:11:24,622 - CryptoUNS - INFO - Iniciando CryptoUNS...
2025-07-06 15:11:24,625 - CryptoUNS - INFO - Iniciando interfaz gráfica principal...
2025-07-06 16:07:44,598 - CryptoUNS - INFO - Aplicación terminada
2025-07-06 16:12:39,961 - CryptoUNS - INFO - Sistema de logging inicializado
2025-07-06 16:12:39,961 - CryptoUNS - INFO - Iniciando CryptoUNS...
2025-07-06 16:12:39,962 - CryptoUNS - INFO - Iniciando interfaz gráfica principal...
2025-07-06 16:13:29,014 - CryptoUNS - INFO - Aplicación terminada
2025-07-06 16:16:02,512 - CryptoUNS - INFO - Sistema de logging inicializado
2025-07-06 16:16:02,513 - CryptoUNS - INFO - Iniciando CryptoUNS...
2025-07-06 16:16:02,514 - CryptoUNS - INFO - Iniciando interfaz gráfica principal...
2025-07-06 16:18:28,738 - CryptoUNS - INFO - Aplicación terminada
2025-07-06 16:21:48,117 - CryptoUNS - INFO - Sistema de logging inicializado
2025-07-06 16:21:48,117 - CryptoUNS - INFO - Iniciando CryptoUNS...
2025-07-06 16:21:48,119 - CryptoUNS - INFO - Iniciando interfaz gráfica principal...
2025-07-06 16:24:14,950 - CryptoUNS - INFO - Aplicación terminada
2025-07-06 16:40:15,453 - CryptoUNS - INFO - Sistema de logging inicializado
2025-07-06 16:40:15,454 - CryptoUNS - INFO - Iniciando CryptoUNS...
2025-07-06 16:40:15,455 - CryptoUNS - INFO - Iniciando interfaz gráfica principal...
2025-07-06 16:56:08,530 - CryptoUNS - INFO - Aplicación terminada
2025-07-06 17:01:15,721 - CryptoUNS - INFO - Sistema de logging inicializado
2025-07-06 17:01:15,723 - CryptoUNS - INFO - Iniciando CryptoUNS...
2025-07-06 17:01:15,724 - CryptoUNS - INFO - Iniciando interfaz gráfica principal...
2025-07-06 17:02:07,910 - CryptoUNS - INFO - Aplicación terminada
2025-07-06 17:06:25,349 - CryptoUNS - INFO - Sistema de logging inicializado
2025-07-06 17:06:25,350 - CryptoUNS - INFO - Iniciando CryptoUNS...
2025-07-06 17:06:25,352 - CryptoUNS - INFO - Iniciando interfaz gráfica principal...
2025-07-06 17:11:15,747 - CryptoUNS - INFO - Aplicación terminada
2025-07-06 17:16:38,371 - CryptoUNS - INFO - Sistema de logging inicializado
2025-07-06 17:16:38,372 - CryptoUNS - INFO - Iniciando CryptoUNS...
2025-07-06 17:16:38,377 - CryptoUNS - INFO - Iniciando interfaz gráfica principal...
2025-07-06 17:18:21,147 - CryptoUNS - INFO - Aplicación terminada
2025-07-06 17:28:27,394 - CryptoUNS - INFO - Sistema de logging inicializado
2025-07-06 17:28:27,397 - CryptoUNS - INFO - Iniciando CryptoUNS...
2025-07-06 17:28:27,400 - CryptoUNS - INFO - Iniciando interfaz gráfica principal...
2025-07-06 17:34:22,899 - CryptoUNS - INFO - Aplicación terminada
2025-07-06 17:41:48,733 - CryptoUNS - INFO - Sistema de logging inicializado
2025-07-06 17:41:48,733 - CryptoUNS - INFO - Iniciando CryptoUNS...
2025-07-06 17:41:48,733 - CryptoUNS - INFO - Iniciando interfaz gráfica principal...
2025-07-06 17:46:39,214 - CryptoUNS - INFO - Sistema de logging inicializado
2025-07-06 17:46:39,214 - CryptoUNS - INFO - Iniciando CryptoUNS...
2025-07-06 17:46:39,214 - CryptoUNS - INFO - Iniciando interfaz gráfica principal...
2025-07-06 17:47:07,502 - CryptoUNS - INFO - Aplicación terminada
2025-07-06 17:47:11,304 - CryptoUNS - INFO - Aplicación terminada
2025-07-06 17:53:52,414 - CryptoUNS - INFO - Sistema de logging inicializado
2025-07-06 17:53:52,414 - CryptoUNS - INFO - Iniciando CryptoUNS...
2025-07-06 17:53:52,415 - CryptoUNS - INFO - Iniciando interfaz gráfica principal...
2025-07-06 17:54:57,684 - CryptoUNS - INFO - Aplicación terminada
2025-07-06 17:58:47,439 - CryptoUNS - INFO - Sistema de logging inicializado
2025-07-06 17:58:47,439 - CryptoUNS - INFO - Iniciando CryptoUNS...
2025-07-06 17:58:47,439 - CryptoUNS - INFO - Iniciando interfaz gráfica principal...
2025-07-06 17:59:37,059 - CryptoUNS - INFO - Aplicación terminada
2025-07-06 18:02:32,896 - CryptoUNS - INFO - Sistema de logging inicializado
2025-07-06 18:02:32,896 - CryptoUNS - INFO - Iniciando CryptoUNS...
2025-07-06 18:02:32,898 - CryptoUNS - INFO - Iniciando interfaz gráfica principal...
2025-07-06 18:16:45,723 - CryptoUNS - INFO - Sistema de logging inicializado
2025-07-06 18:16:45,724 - CryptoUNS - INFO - Iniciando CryptoUNS...
2025-07-06 18:16:45,724 - CryptoUNS - INFO - Iniciando interfaz gráfica principal...
2025-07-06 18:19:05,969 - CryptoUNS - INFO - Aplicación terminada
2025-07-06 18:40:06,626 - CryptoUNS - INFO - Sistema de logging inicializado
2025-07-06 18:40:06,626 - CryptoUNS - INFO - Iniciando CryptoUNS...
2025-07-06 18:40:06,627 - CryptoUNS - INFO - Iniciando interfaz gráfica principal...
2025-07-06 18:41:51,241 - CryptoUNS - INFO - Aplicación terminada
2025-07-06 18:41:54,062 - CryptoUNS - INFO - Aplicación terminada
2025-07-06 18:42:03,011 - CryptoUNS - INFO - Sistema de logging inicializado
2025-07-06 18:42:03,013 - CryptoUNS - INFO - Iniciando CryptoUNS...
2025-07-06 18:42:03,014 - CryptoUNS - INFO - Iniciando interfaz gráfica principal...
2025-07-06 18:42:46,398 - CryptoUNS - INFO - Aplicación terminada
2025-07-06 18:45:02,030 - CryptoUNS - INFO - Sistema de logging inicializado
2025-07-06 18:45:02,031 - CryptoUNS - INFO - Iniciando CryptoUNS...
2025-07-06 18:45:02,031 - CryptoUNS - INFO - Iniciando interfaz gráfica principal...
2025-07-06 18:45:19,646 - CryptoUNS - INFO - Aplicación terminada
2025-07-06 18:47:42,464 - CryptoUNS - INFO - Sistema de logging inicializado
2025-07-06 18:47:42,465 - CryptoUNS - INFO - Iniciando CryptoUNS...
2025-07-06 18:47:42,465 - CryptoUNS - INFO - Iniciando interfaz gráfica principal...
2025-07-06 18:50:51,545 - CryptoUNS - INFO - Aplicación terminada
2025-07-06 18:53:40,873 - CryptoUNS - INFO - Sistema de logging inicializado
2025-07-06 18:53:40,878 - CryptoUNS - INFO - Iniciando CryptoUNS...
2025-07-06 18:53:40,887 - CryptoUNS - INFO - Iniciando interfaz gráfica principal...
2025-07-06 18:56:11,999 - CryptoUNS - INFO - Aplicación terminada
2025-07-06 19:01:38,585 - CryptoUNS - INFO - Sistema de logging inicializado
2025-07-06 19:01:38,586 - CryptoUNS - INFO - Iniciando CryptoUNS...
2025-07-06 19:01:38,589 - CryptoUNS - INFO - Iniciando interfaz gráfica principal...
2025-07-06 19:03:48,131 - CryptoUNS - INFO - Aplicación terminada
